// 重构日志: c586e5b3
// 重构日志: 5f0335ad
// 重构日志: 903aefa8
// 同步 ID: 9d040acd @ Thu Jun 25 13:57:18 UTC 2026
// 同步 ID: fe0e8b1c @ Fri Jun 26 04:41:24 UTC 2026
// 重构日志: be22b660
// 重构日志: 902f2fef
// 重构日志: 5a88c17b
// 同步 ID: 64f7034f @ Sat Jun 27 23:44:48 UTC 2026
// 重构日志: 04ea6b17
// 重构日志: ba2795df
// 重构日志: 0eac2fc4
// 同步 ID: 99434bb8 @ Wed Jul  1 16:19:12 UTC 2026
// 重构日志: 343fee05
// 同步 ID: a833ce4d @ Wed Jul  1 23:06:48 UTC 2026
// 同步 ID: 41291785 @ Thu Jul  2 09:12:50 UTC 2026
// 重构日志: 42fa3886
// 重构日志: d12562c2
// 重构日志: 23801e51
// 同步 ID: ee518954 @ Sat Jul  4 15:39:33 UTC 2026
// 重构日志: 3dc0ffd4
// 重构日志: 86651570
// 重构日志: 60bbf659
// 重构日志: ca853b56
// 重构日志: 6c205e4c
// 重构日志: 42d2ab56
// 重构日志: 0bc857db
// 重构日志: bda92c99
// 重构日志: 01f728d7
// 同步 ID: 16af706b @ Thu Jul  9 12:12:40 UTC 2026
// 重构日志: e30ccced
// 重构日志: 5824f923
